Determining if the pthread_create exist failed with the following output:
Change Dir: /home/nvidia/hermione_ws/build/CMakeFiles/CMakeTmp

Run Build Command:"/usr/bin/make" "cmTC_fb890/fast"
/usr/bin/make -f CMakeFiles/cmTC_fb890.dir/build.make CMakeFiles/cmTC_fb890.dir/build
make[1]: Entering directory '/home/nvidia/hermione_ws/build/CMakeFiles/CMakeTmp'
Building C object CMakeFiles/cmTC_fb890.dir/CheckSymbolExists.c.o
/usr/bin/cc     -o CMakeFiles/cmTC_fb890.dir/CheckSymbolExists.c.o   -c /home/nvidia/hermione_ws/build/CMakeFiles/CMakeTmp/CheckSymbolExists.c
Linking C executable cmTC_fb890
/usr/bin/cmake -E cmake_link_script CMakeFiles/cmTC_fb890.dir/link.txt --verbose=1
/usr/bin/cc       CMakeFiles/cmTC_fb890.dir/CheckSymbolExists.c.o  -o cmTC_fb890 -rdynamic 
CMakeFiles/cmTC_fb890.dir/CheckSymbolExists.c.o: In function `main':
CheckSymbolExists.c:(.text+0x14): undefined reference to `pthread_create'
CheckSymbolExists.c:(.text+0x18): undefined reference to `pthread_create'
collect2: error: ld returned 1 exit status
CMakeFiles/cmTC_fb890.dir/build.make:97: recipe for target 'cmTC_fb890' failed
make[1]: *** [cmTC_fb890] Error 1
make[1]: Leaving directory '/home/nvidia/hermione_ws/build/CMakeFiles/CMakeTmp'
Makefile:126: recipe for target 'cmTC_fb890/fast' failed
make: *** [cmTC_fb890/fast] Error 2

File /home/nvidia/hermione_ws/build/CMakeFiles/CMakeTmp/CheckSymbolExists.c:
/* */
#include <pthread.h>

int main(int argc, char** argv)
{
  (void)argv;
#ifndef pthread_create
  return ((int*)(&pthread_create))[argc];
#else
  (void)argc;
  return 0;
#endif
}

Determining if the function pthread_create exists in the pthreads failed with the following output:
Change Dir: /home/nvidia/hermione_ws/build/CMakeFiles/CMakeTmp

Run Build Command:"/usr/bin/make" "cmTC_64819/fast"
/usr/bin/make -f CMakeFiles/cmTC_64819.dir/build.make CMakeFiles/cmTC_64819.dir/build
make[1]: Entering directory '/home/nvidia/hermione_ws/build/CMakeFiles/CMakeTmp'
make[1]: Warning: File '/usr/share/cmake-3.5/Modules/CheckFunctionExists.c' has modification time 3620513 s in the future
Building C object CMakeFiles/cmTC_64819.dir/CheckFunctionExists.c.o
/usr/bin/cc    -DCHECK_FUNCTION_EXISTS=pthread_create   -o CMakeFiles/cmTC_64819.dir/CheckFunctionExists.c.o   -c /usr/share/cmake-3.5/Modules/CheckFunctionExists.c
Linking C executable cmTC_64819
/usr/bin/cmake -E cmake_link_script CMakeFiles/cmTC_64819.dir/link.txt --verbose=1
/usr/bin/cc   -DCHECK_FUNCTION_EXISTS=pthread_create    CMakeFiles/cmTC_64819.dir/CheckFunctionExists.c.o  -o cmTC_64819 -rdynamic -lpthreads 
/usr/bin/ld: cannot find -lpthreads
collect2: error: ld returned 1 exit status
CMakeFiles/cmTC_64819.dir/build.make:97: recipe for target 'cmTC_64819' failed
make[1]: *** [cmTC_64819] Error 1
make[1]: Leaving directory '/home/nvidia/hermione_ws/build/CMakeFiles/CMakeTmp'
Makefile:126: recipe for target 'cmTC_64819/fast' failed
make: *** [cmTC_64819/fast] Error 2


